<?xml version="1.0" encoding="UTF-8"?>
<!-- Generated by org.testng.reporters.JUnitReportReporter -->
<testsuite hostname="DELL-PC" name="com.basic.Testinggoogle" tests="1" failures="0" timestamp="9 Jun 2019 03:48:53 GMT" time="3.985" errors="0">
  <testcase name="testGoogle" time="3.985" classname="com.basic.Testinggoogle"/>
</testsuite> <!-- com.basic.Testinggoogle -->
